1613276325585	geckodriver	INFO	Listening on 127.0.0.1:49675
1613276326596	mozrunner::runner	INFO	Running command: "/Applications/Firefox.app/Contents/MacOS/firefox-bin" "--marionette" "-foreground" "-no-remote" "-profile" "/var/folders/p8/1bzwlpn50cq6g2vsd7_y0jvw0000gn/T/rust_mozprofileK5EgeA"
console.warn: SearchSettings: "get: No settings file exists, new profile?" (new Error("", "(unknown module)"))
console.warn: SearchSettings: "get: No settings file exists, new profile?" (new Error("", "(unknown module)"))
1613276334768	Marionette	INFO	Listening on port 49691
1613276334881	Marionette	WARN	TLS certificate errors will be ignored for this session
1613276334923	Marionette	ERROR	[19] No reply from Marionette:Register
console.log: WebExtensions: reset-default-search: No addons in our list are installed.
1613279441741	geckodriver	INFO	Listening on 127.0.0.1:50371
1613279442748	mozrunner::runner	INFO	Running command: "/Applications/Firefox.app/Contents/MacOS/firefox-bin" "--marionette" "-foreground" "-no-remote" "-profile" "/var/folders/p8/1bzwlpn50cq6g2vsd7_y0jvw0000gn/T/rust_mozprofile3PRvcg"
console.warn: SearchSettings: "get: No settings file exists, new profile?" (new Error("", "(unknown module)"))
console.warn: SearchSettings: "get: No settings file exists, new profile?" (new Error("", "(unknown module)"))
1613279452056	Marionette	INFO	Listening on port 50387
1613279452214	Marionette	WARN	TLS certificate errors will be ignored for this session
1613279452306	Marionette	ERROR	[19] No reply from Marionette:Register
1613279457473	Marionette	INFO	Stopped listening on port 50387
JavaScript error: resource://activity-stream/lib/ASRouter.jsm, line 987: NS_ERROR_ILLEGAL_VALUE: Component returned failure code: 0x80070057 (NS_ERROR_ILLEGAL_VALUE) [nsIObserverService.removeObserver]

###!!! [Child][RunMessage] Error: Channel closing: too late to send/recv, messages will be lost


###!!! [Child][RunMessage] Error: Channel closing: too late to send/recv, messages will be lost


###!!! [Parent][RunMessage] Error: Channel closing: too late to send/recv, messages will be lost

1613279623074	Marionette	INFO	Stopped listening on port 49691

###!!! [Parent][RunMessage] Error: Channel closing: too late to send/recv, messages will be lost

1613281421322	geckodriver	INFO	Listening on 127.0.0.1:50731
1613281422336	mozrunner::runner	INFO	Running command: "/Applications/Firefox.app/Contents/MacOS/firefox-bin" "--marionette" "-foreground" "-no-remote" "-profile" "/var/folders/p8/1bzwlpn50cq6g2vsd7_y0jvw0000gn/T/rust_mozprofilexgrXkl"
console.warn: SearchSettings: "get: No settings file exists, new profile?" (new Error("", "(unknown module)"))
console.warn: SearchSettings: "get: No settings file exists, new profile?" (new Error("", "(unknown module)"))
1613281429902	Marionette	INFO	Listening on port 50739
1613281429963	Marionette	WARN	TLS certificate errors will be ignored for this session
1613281429992	Marionette	ERROR	[19] No reply from Marionette:Register
1613281430756	Marionette	ERROR	[19] No reply from Marionette:Register
1613281641056	Marionette	INFO	Stopped listening on port 50739
1613282921733	geckodriver	INFO	Listening on 127.0.0.1:51268
1613282922748	mozrunner::runner	INFO	Running command: "/Applications/Firefox.app/Contents/MacOS/firefox-bin" "--marionette" "-foreground" "-no-remote" "-profile" "/var/folders/p8/1bzwlpn50cq6g2vsd7_y0jvw0000gn/T/rust_mozprofileBMviD0"
console.warn: SearchSettings: "get: No settings file exists, new profile?" (new Error("", "(unknown module)"))
console.warn: SearchSettings: "get: No settings file exists, new profile?" (new Error("", "(unknown module)"))
1613282930545	Marionette	INFO	Listening on port 51276
1613282930609	Marionette	WARN	TLS certificate errors will be ignored for this session
1613282930644	Marionette	ERROR	[19] No reply from Marionette:Register
1613282931380	Marionette	ERROR	[19] No reply from Marionette:Register
console.log: WebExtensions: reset-default-search: No addons in our list are installed.
1613284022208	Marionette	INFO	Stopped listening on port 51276

###!!! [Parent][RunMessage] Error: Channel closing: too late to send/recv, messages will be lost

1613454304498	geckodriver	INFO	Listening on 127.0.0.1:53887
1613454305505	mozrunner::runner	INFO	Running command: "/Applications/Firefox.app/Contents/MacOS/firefox-bin" "--marionette" "-foreground" "-no-remote" "-profile" "/var/folders/p8/1bzwlpn50cq6g2vsd7_y0jvw0000gn/T/rust_mozprofilem8hUNT"
console.warn: SearchSettings: "get: No settings file exists, new profile?" (new Error("", "(unknown module)"))
1613454311092	Marionette	INFO	Listening on port 53895
1613454311164	Marionette	WARN	TLS certificate errors will be ignored for this session
1613454311187	Marionette	ERROR	[19] No reply from Marionette:Register
1613454311871	Marionette	ERROR	[19] No reply from Marionette:Register
1613454314703	Marionette	INFO	Stopped listening on port 53895
JavaScript error: resource://activity-stream/lib/ASRouter.jsm, line 987: NS_ERROR_ILLEGAL_VALUE: Component returned failure code: 0x80070057 (NS_ERROR_ILLEGAL_VALUE) [nsIObserverService.removeObserver]
console.error: services.settings: 
  main/fxmonitor-breaches Signature failed  TypeError: NetworkError when attempting to fetch resource.

###!!! [Parent][RunMessage] Error: Channel closing: too late to send/recv, messages will be lost

1613454401977	geckodriver	INFO	Listening on 127.0.0.1:53977
1613454401995	mozrunner::runner	INFO	Running command: "/Applications/Firefox.app/Contents/MacOS/firefox-bin" "--marionette" "-foreground" "-no-remote" "-profile" "/var/folders/p8/1bzwlpn50cq6g2vsd7_y0jvw0000gn/T/rust_mozprofileTurTLk"
console.warn: SearchSettings: "get: No settings file exists, new profile?" (new Error("", "(unknown module)"))
1613454406623	Marionette	INFO	Listening on port 53982
1613454406689	Marionette	WARN	TLS certificate errors will be ignored for this session
1613454406720	Marionette	ERROR	[16] No reply from Marionette:Register
1613454407405	Marionette	ERROR	[16] No reply from Marionette:Register
1613454410222	Marionette	INFO	Stopped listening on port 53982
JavaScript error: resource://activity-stream/lib/ASRouter.jsm, line 987: NS_ERROR_ILLEGAL_VALUE: Component returned failure code: 0x80070057 (NS_ERROR_ILLEGAL_VALUE) [nsIObserverService.removeObserver]

###!!! [Parent][RunMessage] Error: Channel closing: too late to send/recv, messages will be lost

